<?xml version="1.0" encoding="UTF-8"?>
<!-- Generated by org.testng.reporters.JUnitReportReporter -->
<testsuite hostname="PC04" failures="0" tests="2" name="pkg2.Test3" time="0.012" errors="0" timestamp="04 Aug 2022 11:26:38 GMT" skipped="0">
  <testcase classname="pkg2.Test3" name="m4" time="0.009"/>
  <testcase classname="pkg2.Test3" name="m5" time="0.003"/>
</testsuite> <!-- pkg2.Test3 -->
