<?xml version="1.0" encoding="UTF-8"?>
<!-- Generated by org.testng.reporters.JUnitReportReporter -->
<testsuite hostname="PC04" failures="0" tests="1" name="pkg3.Test7" time="0.004" errors="0" timestamp="04 Aug 2022 11:42:46 GMT" skipped="0">
  <testcase classname="pkg3.Test7" name="m2" time="0.004"/>
</testsuite> <!-- pkg3.Test7 -->
