<?xml version="1.0" encoding="UTF-8"?>
<!-- Generated by org.testng.reporters.JUnitReportReporter -->
<testsuite hostname="PC04" failures="0" tests="2" name="pkg2.Test1" time="0.048" errors="0" timestamp="04 Aug 2022 11:25:01 GMT" skipped="0">
  <testcase classname="pkg2.Test1" name="m2" time="0.008"/>
  <testcase classname="pkg2.Test1" name="m1" time="0.040"/>
</testsuite> <!-- pkg2.Test1 -->
