<?xml version="1.0" encoding="UTF-8"?>
<!-- Generated by org.testng.reporters.JUnitReportReporter -->
<testsuite hostname="PC04" failures="0" tests="5" name="com.dataprovider.DataProviderEx" time="22.740" errors="0" timestamp="29 Jul 2022 10:22:38 GMT" skipped="0">
  <testcase classname="com.dataprovider.DataProviderEx" name="login_test" time="4.466"/>
  <testcase classname="com.dataprovider.DataProviderEx" name="login_test" time="4.416"/>
  <testcase classname="com.dataprovider.DataProviderEx" name="login_test" time="4.578"/>
  <testcase classname="com.dataprovider.DataProviderEx" name="login_test" time="4.839"/>
  <testcase classname="com.dataprovider.DataProviderEx" name="login_test" time="4.441"/>
</testsuite> <!-- com.dataprovider.DataProviderEx -->
