<?xml version="1.0" encoding="UTF-8"?>
<!-- Generated by org.testng.reporters.JUnitReportReporter -->
<testsuite hostname="PC04" failures="0" tests="2" name="pkg2.Test2" time="25.507" errors="0" timestamp="04 Aug 2022 11:25:44 GMT" skipped="0">
  <testcase classname="pkg2.Test2" name="Admin_test" time="3.606"/>
  <testcase classname="pkg2.Test2" name="Login_test" time="21.901"/>
</testsuite> <!-- pkg2.Test2 -->
